Determining if the pthread_create exist failed with the following output:
Change Dir: /home/dyf/Documents/opencv3/learning-2/cmake-build-debug/CMakeFiles/CMakeTmp

Run Build Command:"/usr/bin/make" "cmTC_6dbd1/fast"
/usr/bin/make -f CMakeFiles/cmTC_6dbd1.dir/build.make CMakeFiles/cmTC_6dbd1.dir/build
make[1]: Entering directory '/home/dyf/Documents/opencv3/learning-2/cmake-build-debug/CMakeFiles/CMakeTmp'
Building C object CMakeFiles/cmTC_6dbd1.dir/CheckSymbolExists.c.o
/usr/bin/cc   -fPIC    -o CMakeFiles/cmTC_6dbd1.dir/CheckSymbolExists.c.o   -c /home/dyf/Documents/opencv3/learning-2/cmake-build-debug/CMakeFiles/CMakeTmp/CheckSymbolExists.c
Linking C executable cmTC_6dbd1
/home/dyf/Downloads/clion-2018.2.2/bin/cmake/linux/bin/cmake -E cmake_link_script CMakeFiles/cmTC_6dbd1.dir/link.txt --verbose=1
/usr/bin/cc -fPIC     CMakeFiles/cmTC_6dbd1.dir/CheckSymbolExists.c.o  -o cmTC_6dbd1 
CMakeFiles/cmTC_6dbd1.dir/CheckSymbolExists.c.o：在函数‘main’中：
CheckSymbolExists.c:(.text+0x1b)：对‘pthread_create’未定义的引用
collect2: error: ld returned 1 exit status
CMakeFiles/cmTC_6dbd1.dir/build.make:86: recipe for target 'cmTC_6dbd1' failed
make[1]: *** [cmTC_6dbd1] Error 1
make[1]: Leaving directory '/home/dyf/Documents/opencv3/learning-2/cmake-build-debug/CMakeFiles/CMakeTmp'
Makefile:121: recipe for target 'cmTC_6dbd1/fast' failed
make: *** [cmTC_6dbd1/fast] Error 2

File /home/dyf/Documents/opencv3/learning-2/cmake-build-debug/CMakeFiles/CMakeTmp/CheckSymbolExists.c:
/* */
#include <pthread.h>

int main(int argc, char** argv)
{
  (void)argv;
#ifndef pthread_create
  return ((int*)(&pthread_create))[argc];
#else
  (void)argc;
  return 0;
#endif
}

Determining if the function pthread_create exists in the pthreads failed with the following output:
Change Dir: /home/dyf/Documents/opencv3/learning-2/cmake-build-debug/CMakeFiles/CMakeTmp

Run Build Command:"/usr/bin/make" "cmTC_880ca/fast"
/usr/bin/make -f CMakeFiles/cmTC_880ca.dir/build.make CMakeFiles/cmTC_880ca.dir/build
make[1]: Entering directory '/home/dyf/Documents/opencv3/learning-2/cmake-build-debug/CMakeFiles/CMakeTmp'
Building C object CMakeFiles/cmTC_880ca.dir/CheckFunctionExists.c.o
/usr/bin/cc   -fPIC -DCHECK_FUNCTION_EXISTS=pthread_create   -o CMakeFiles/cmTC_880ca.dir/CheckFunctionExists.c.o   -c /home/dyf/Downloads/clion-2018.2.2/bin/cmake/linux/share/cmake-3.12/Modules/CheckFunctionExists.c
Linking C executable cmTC_880ca
/home/dyf/Downloads/clion-2018.2.2/bin/cmake/linux/bin/cmake -E cmake_link_script CMakeFiles/cmTC_880ca.dir/link.txt --verbose=1
/usr/bin/cc -fPIC -DCHECK_FUNCTION_EXISTS=pthread_create    CMakeFiles/cmTC_880ca.dir/CheckFunctionExists.c.o  -o cmTC_880ca -lpthreads 
/usr/bin/ld: 找不到 -lpthreads
collect2: error: ld returned 1 exit status
CMakeFiles/cmTC_880ca.dir/build.make:86: recipe for target 'cmTC_880ca' failed
make[1]: *** [cmTC_880ca] Error 1
make[1]: Leaving directory '/home/dyf/Documents/opencv3/learning-2/cmake-build-debug/CMakeFiles/CMakeTmp'
Makefile:121: recipe for target 'cmTC_880ca/fast' failed
make: *** [cmTC_880ca/fast] Error 2


